<?xml version="1.0" encoding="UTF-8"?>
<testsuites name="jest tests" tests="1" failures="0" errors="0" time="2.319">
  <testsuite name="undefined" errors="0" failures="0" skipped="0" timestamp="2020-11-09T06:35:43" time="1.442" tests="1">
    <testcase classname=" full app rendering/navigating" name=" full app rendering/navigating" time="0.061">
    </testcase>
  </testsuite>
</testsuites>